<?xml version="1.0" encoding="UTF-8"?>
<!-- Generated by org.testng.reporters.JUnitReportReporter -->
<testsuite skipped="0" hostname="SSPL-LP-HP-0029" name="com.saucedemo.tests.LoginTest" tests="2" failures="0" timestamp="2020-04-25T13:15:15 GMT+05:30" time="33.395" errors="0">
  <testcase name="logintest" time="13.862" classname="com.saucedemo.tests.LoginTest"/>
  <testcase name="loginpagetitle" time="19.533" classname="com.saucedemo.tests.LoginTest"/>
</testsuite> <!-- com.saucedemo.tests.LoginTest -->
